TN:
SF:src/infra/setup_db.ts
FNF:0
FNH:0
DA:1,1
DA:2,1
DA:3,1
DA:4,1
DA:5,1
DA:6,1
DA:7,1
DA:8,1
DA:9,1
DA:10,1
DA:11,1
DA:12,1
DA:13,1
DA:14,1
DA:15,1
DA:16,1
DA:17,1
LF:17
LH:17
BRF:0
BRH:0
end_of_record
TN:
SF:src/models/Comment.ts
FN:31,Comment
FN:16,__decorate.nullable
FN:16,__decorate.nullable
FN:28,__decorate.nullable
FN:28,__decorate.nullable
FNF:5
FNH:0
FNDA:0,Comment
FNDA:0,__decorate.nullable
FNDA:0,__decorate.nullable
FNDA:0,__decorate.nullable
FNDA:0,__decorate.nullable
DA:1,1
DA:2,1
DA:3,1
DA:4,1
DA:5,1
DA:6,1
DA:7,1
DA:8,1
DA:9,1
DA:10,1
DA:11,1
DA:12,1
DA:13,1
DA:14,1
DA:15,1
DA:16,1
DA:17,1
DA:18,1
DA:19,1
DA:20,1
DA:21,1
DA:22,1
DA:23,1
DA:24,1
DA:25,1
DA:26,1
DA:27,1
DA:28,1
DA:29,1
DA:30,1
DA:31,1
DA:32,0
DA:33,0
DA:34,0
DA:35,0
DA:36,0
DA:37,0
DA:38,1
LF:38
LH:32
BRF:0
BRH:0
end_of_record
TN:
SF:src/models/Forum.ts
FN:29,Forum
FN:26,__decorate.nullable
FN:26,__decorate.nullable
FNF:3
FNH:1
FNDA:1,Forum
FNDA:0,__decorate.nullable
FNDA:0,__decorate.nullable
DA:1,1
DA:2,1
DA:3,1
DA:4,1
DA:5,1
DA:6,1
DA:7,1
DA:8,1
DA:9,1
DA:10,1
DA:11,1
DA:12,1
DA:13,1
DA:14,1
DA:15,1
DA:16,1
DA:17,1
DA:18,1
DA:19,1
DA:20,1
DA:21,1
DA:22,1
DA:23,1
DA:24,1
DA:25,1
DA:26,1
DA:27,1
DA:28,1
DA:29,1
DA:30,1
DA:31,1
DA:32,1
DA:33,1
DA:34,1
DA:35,1
DA:36,1
DA:37,1
LF:37
LH:37
BRDA:29,0,0,1
BRF:1
BRH:1
end_of_record
TN:
SF:src/models/Movie.ts
FN:19,Movie
FNF:1
FNH:1
FNDA:3,Movie
DA:1,1
DA:2,1
DA:3,1
DA:4,1
DA:5,1
DA:6,1
DA:7,1
DA:8,1
DA:9,1
DA:10,1
DA:11,1
DA:12,1
DA:13,1
DA:14,1
DA:15,1
DA:16,1
DA:17,1
DA:18,1
DA:19,1
DA:20,3
DA:21,3
DA:22,3
DA:23,1
DA:24,1
LF:24
LH:24
BRDA:19,0,0,3
BRF:1
BRH:1
end_of_record
TN:
SF:src/repository/ForumRepository.ts
FN:9,getAll
FN:17,getById
FN:24,searchByTitle
FN:31,searchByCreatorUser
FN:38,saveForum
FNF:5
FNH:0
FNDA:0,getAll
FNDA:0,getById
FNDA:0,searchByTitle
FNDA:0,searchByCreatorUser
FNDA:0,saveForum
DA:1,1
DA:2,1
DA:3,1
DA:4,1
DA:5,1
DA:6,1
DA:7,1
DA:8,1
DA:9,1
DA:10,0
DA:11,0
DA:12,0
DA:13,0
DA:14,0
DA:15,0
DA:16,1
DA:17,1
DA:18,0
DA:19,0
DA:20,0
DA:21,0
DA:22,0
DA:23,1
DA:24,1
DA:25,0
DA:26,0
DA:27,0
DA:28,0
DA:29,0
DA:30,1
DA:31,1
DA:32,0
DA:33,0
DA:34,0
DA:35,0
DA:36,0
DA:37,1
DA:38,1
DA:39,0
DA:40,0
DA:41,1
LF:41
LH:18
BRF:0
BRH:0
end_of_record
TN:
SF:src/repository/MovieRepository.ts
FN:8,getAll
FN:12,getById
FN:20,searchByName
FN:24,saveMovie
FNF:4
FNH:0
FNDA:0,getAll
FNDA:0,getById
FNDA:0,searchByName
FNDA:0,saveMovie
DA:1,1
DA:2,1
DA:3,1
DA:4,1
DA:5,1
DA:6,1
DA:7,1
DA:8,1
DA:9,0
DA:10,0
DA:11,1
DA:12,1
DA:13,0
DA:14,0
DA:15,0
DA:16,0
DA:17,0
DA:18,0
DA:19,1
DA:20,1
DA:21,0
DA:22,0
DA:23,1
DA:24,1
DA:25,0
DA:26,0
DA:27,1
LF:27
LH:15
BRF:0
BRH:0
end_of_record
TN:
SF:src/services/ForumService.ts
FN:7,getById
FN:11,getAll
FN:15,searchByTitle
FN:18,searchByCreatorUser
FN:22,updateForum
FN:33,saveForum
FNF:6
FNH:0
FNDA:0,getById
FNDA:0,getAll
FNDA:0,searchByTitle
FNDA:0,searchByCreatorUser
FNDA:0,updateForum
FNDA:0,saveForum
DA:1,1
DA:2,1
DA:3,1
DA:4,1
DA:5,1
DA:6,1
DA:7,1
DA:8,0
DA:9,0
DA:10,1
DA:11,1
DA:12,0
DA:13,0
DA:14,1
DA:15,1
DA:16,0
DA:17,0
DA:18,1
DA:19,0
DA:20,0
DA:21,1
DA:22,1
DA:23,0
DA:24,0
DA:25,0
DA:26,0
DA:27,0
DA:28,0
DA:29,0
DA:30,0
DA:31,0
DA:32,1
DA:33,1
DA:34,0
DA:35,0
DA:36,0
DA:37,0
DA:38,0
DA:39,0
DA:40,0
DA:41,0
DA:42,0
DA:43,0
DA:44,0
DA:45,0
DA:46,1
DA:47,1
LF:47
LH:18
BRF:0
BRH:0
end_of_record
TN:
SF:src/services/MovieServices.ts
FN:7,getAll
FN:11,add
FN:17,getById
FN:21,searchByName
FN:25,update
FN:46,validate
FNF:6
FNH:0
FNDA:0,getAll
FNDA:0,add
FNDA:0,getById
FNDA:0,searchByName
FNDA:0,update
FNDA:0,validate
DA:1,1
DA:2,1
DA:3,1
DA:4,1
DA:5,1
DA:6,1
DA:7,1
DA:8,0
DA:9,0
DA:10,1
DA:11,1
DA:12,0
DA:13,0
DA:14,0
DA:15,0
DA:16,1
DA:17,1
DA:18,0
DA:19,0
DA:20,1
DA:21,1
DA:22,0
DA:23,0
DA:24,1
DA:25,1
DA:26,0
DA:27,0
DA:28,0
DA:29,0
DA:30,0
DA:31,0
DA:32,0
DA:33,0
DA:34,0
DA:35,0
DA:36,0
DA:37,0
DA:38,0
DA:39,0
DA:40,0
DA:41,0
DA:42,0
DA:43,0
DA:44,1
DA:45,1
DA:46,1
DA:47,0
DA:48,0
DA:49,0
DA:50,0
DA:51,1
LF:51
LH:19
BRF:0
BRH:0
end_of_record
