TN:
SF:src\api\routes\user.routes.ts
FNF:0
FNH:0
DA:1,1
DA:2,1
DA:3,1
DA:4,1
DA:5,1
DA:6,1
DA:7,1
DA:8,1
DA:9,1
DA:10,1
DA:11,1
DA:12,1
DA:13,1
DA:14,1
DA:15,1
DA:16,1
DA:17,1
DA:18,1
DA:19,1
DA:20,1
DA:21,1
DA:22,1
DA:23,1
DA:24,1
DA:25,1
DA:26,1
DA:27,1
DA:28,1
DA:29,1
DA:30,1
DA:31,1
DA:32,1
DA:33,1
DA:34,1
DA:35,1
DA:36,1
DA:37,1
DA:38,1
DA:39,1
DA:40,1
DA:41,2
DA:42,2
DA:43,1
DA:44,1
DA:45,1
DA:46,1
DA:47,1
DA:48,1
DA:49,1
DA:50,1
DA:51,1
DA:52,1
DA:53,1
DA:54,1
DA:55,1
DA:56,1
DA:57,1
DA:58,1
DA:59,1
DA:60,1
DA:61,1
DA:62,1
DA:63,1
DA:64,1
DA:65,1
DA:66,1
DA:67,1
DA:68,1
DA:69,1
DA:70,1
DA:71,1
DA:72,1
DA:73,0
DA:74,0
DA:75,0
DA:76,0
DA:77,0
DA:78,0
DA:79,0
DA:80,0
DA:81,0
DA:82,0
DA:83,0
DA:84,0
DA:85,0
DA:86,0
DA:87,0
DA:88,0
DA:89,0
DA:90,0
DA:91,0
DA:92,0
DA:93,0
DA:94,0
DA:95,0
DA:96,1
DA:97,1
DA:98,1
DA:99,1
DA:100,1
DA:101,1
DA:102,1
DA:103,1
DA:104,1
DA:105,1
DA:106,1
DA:107,1
DA:108,1
DA:109,1
DA:110,1
DA:111,1
DA:112,1
DA:113,1
DA:114,1
DA:115,1
DA:116,1
DA:117,1
DA:118,1
DA:119,1
DA:120,2
DA:121,2
DA:122,2
DA:123,2
DA:124,0
DA:125,0
DA:126,2
DA:127,1
DA:128,1
DA:129,1
DA:130,1
DA:131,1
DA:132,1
DA:133,1
DA:134,1
DA:135,1
DA:136,1
DA:137,1
DA:138,1
DA:139,1
DA:140,1
DA:141,1
DA:142,1
DA:143,1
DA:144,1
DA:145,1
DA:146,1
DA:147,0
DA:148,0
DA:149,1
DA:150,1
DA:151,1
DA:152,0
DA:153,0
DA:154,1
DA:155,1
DA:156,1
DA:157,1
DA:158,1
DA:159,1
DA:160,1
DA:161,1
DA:162,1
DA:163,1
DA:164,1
DA:165,1
DA:166,1
DA:167,1
DA:168,1
DA:169,1
DA:170,1
DA:171,1
DA:172,1
DA:173,1
DA:174,3
DA:175,3
DA:176,3
DA:177,3
DA:178,0
DA:179,0
DA:180,3
DA:181,3
DA:182,3
DA:183,0
DA:184,0
DA:185,1
DA:186,1
DA:187,1
DA:188,1
DA:189,1
DA:190,1
DA:191,1
DA:192,1
DA:193,1
DA:194,1
DA:195,1
DA:196,1
DA:197,1
DA:198,1
DA:199,1
DA:200,1
DA:201,1
DA:202,1
DA:203,1
DA:204,1
DA:205,2
DA:206,2
DA:207,2
DA:208,2
DA:209,0
DA:210,0
DA:211,2
DA:212,2
DA:213,2
DA:214,0
DA:215,0
DA:216,1
DA:217,1
DA:218,1
DA:219,1
DA:220,1
DA:221,1
DA:222,1
DA:223,1
DA:224,1
DA:225,1
DA:226,1
DA:227,1
DA:228,1
DA:229,1
DA:230,1
DA:231,1
DA:232,1
DA:233,1
DA:234,1
DA:235,1
DA:236,1
DA:237,1
DA:238,1
DA:239,1
DA:240,1
DA:241,1
DA:242,1
DA:243,1
DA:244,1
DA:245,2
DA:246,2
DA:247,2
DA:248,2
DA:249,2
DA:250,0
DA:251,0
DA:252,2
DA:253,2
DA:254,2
DA:255,0
DA:256,0
DA:257,1
DA:258,1
DA:259,1
DA:260,1
DA:261,1
DA:262,1
DA:263,1
DA:264,1
DA:265,1
DA:266,1
DA:267,1
DA:268,1
DA:269,1
DA:270,1
DA:271,1
DA:272,1
DA:273,1
DA:274,1
DA:275,1
DA:276,1
DA:277,1
DA:278,1
DA:279,1
DA:280,1
DA:281,1
DA:282,1
DA:283,1
DA:284,1
DA:285,1
DA:286,2
DA:287,2
DA:288,2
DA:289,2
DA:290,2
DA:291,0
DA:292,0
DA:293,2
DA:294,1
DA:295,1
DA:296,1
DA:297,1
DA:298,1
DA:299,1
DA:300,1
DA:301,1
DA:302,1
DA:303,1
DA:304,1
DA:305,1
DA:306,1
DA:307,1
DA:308,1
DA:309,1
DA:310,1
DA:311,1
DA:312,1
DA:313,1
DA:314,1
DA:315,1
DA:316,1
DA:317,1
DA:318,1
DA:319,1
DA:320,1
DA:321,1
DA:322,1
DA:323,1
DA:324,1
DA:325,1
DA:326,1
DA:327,1
DA:328,1
DA:329,1
DA:330,1
DA:331,1
DA:332,1
DA:333,1
DA:334,1
DA:335,1
DA:336,1
DA:337,1
DA:338,1
DA:339,1
LF:339
LH:296
BRDA:40,0,0,2
BRDA:43,1,0,1
BRDA:119,2,0,2
BRDA:123,3,0,0
BRDA:127,4,0,1
BRDA:143,5,0,1
BRDA:146,6,0,0
BRDA:151,7,0,0
BRDA:173,8,0,3
BRDA:177,9,0,0
BRDA:182,10,0,0
BRDA:204,11,0,2
BRDA:208,12,0,0
BRDA:213,13,0,0
BRDA:244,14,0,2
BRDA:249,15,0,0
BRDA:254,16,0,0
BRDA:285,17,0,2
BRDA:290,18,0,0
BRDA:294,19,0,1
BRDA:319,20,0,1
BRDA:334,21,0,1
BRF:22
BRH:12
end_of_record
TN:
SF:src\infra\db.ts
FNF:0
FNH:0
DA:1,1
DA:2,1
DA:3,1
DA:4,1
DA:5,1
DA:6,1
DA:7,1
DA:8,1
DA:9,1
DA:10,1
DA:11,1
DA:12,1
DA:13,1
DA:14,1
DA:15,1
DA:16,1
DA:17,1
DA:18,1
DA:19,1
LF:19
LH:19
BRF:0
BRH:0
end_of_record
TN:
SF:src\models\Comment.ts
FN:31,Comment
FN:16,__decorate.nullable
FN:16,__decorate.nullable
FN:28,__decorate.nullable
FN:28,__decorate.nullable
FNF:5
FNH:5
FNDA:1,Comment
FNDA:1,__decorate.nullable
FNDA:1,__decorate.nullable
FNDA:1,__decorate.nullable
FNDA:1,__decorate.nullable
DA:1,1
DA:2,1
DA:3,1
DA:4,1
DA:5,1
DA:6,1
DA:7,1
DA:8,1
DA:9,1
DA:10,1
DA:11,1
DA:12,1
DA:13,1
DA:14,1
DA:15,1
DA:16,1
DA:17,1
DA:18,1
DA:19,1
DA:20,1
DA:21,1
DA:22,1
DA:23,1
DA:24,1
DA:25,1
DA:26,1
DA:27,1
DA:28,1
DA:29,1
DA:30,1
DA:31,1
DA:32,1
DA:33,1
DA:34,1
DA:35,1
DA:36,1
DA:37,1
DA:38,1
LF:38
LH:38
BRDA:31,0,0,1
BRDA:16,1,0,1
BRDA:16,2,0,1
BRDA:28,3,0,1
BRDA:28,4,0,1
BRF:5
BRH:5
end_of_record
TN:
SF:src\models\Forum.ts
FN:29,Forum
FN:26,__decorate.nullable
FN:26,__decorate.nullable
FNF:3
FNH:3
FNDA:1,Forum
FNDA:1,__decorate.nullable
FNDA:1,__decorate.nullable
DA:1,1
DA:2,1
DA:3,1
DA:4,1
DA:5,1
DA:6,1
DA:7,1
DA:8,1
DA:9,1
DA:10,1
DA:11,1
DA:12,1
DA:13,1
DA:14,1
DA:15,1
DA:16,1
DA:17,1
DA:18,1
DA:19,1
DA:20,1
DA:21,1
DA:22,1
DA:23,1
DA:24,1
DA:25,1
DA:26,1
DA:27,1
DA:28,1
DA:29,1
DA:30,1
DA:31,1
DA:32,1
DA:33,1
DA:34,1
DA:35,1
DA:36,1
DA:37,1
LF:37
LH:37
BRDA:29,0,0,1
BRDA:26,1,0,1
BRDA:26,2,0,1
BRF:3
BRH:3
end_of_record
TN:
SF:src\models\Movie.ts
FN:31,Movie
FNF:1
FNH:1
FNDA:14,Movie
DA:1,1
DA:2,1
DA:3,1
DA:4,1
DA:5,1
DA:6,1
DA:7,1
DA:8,1
DA:9,1
DA:10,1
DA:11,1
DA:12,1
DA:13,1
DA:14,1
DA:15,1
DA:16,1
DA:17,1
DA:18,1
DA:19,1
DA:20,1
DA:21,1
DA:22,1
DA:23,1
DA:24,1
DA:25,1
DA:26,1
DA:27,1
DA:28,1
DA:29,1
DA:30,1
DA:31,1
DA:32,14
DA:33,14
DA:34,14
DA:35,1
LF:35
LH:35
BRDA:31,0,0,14
BRDA:21,1,0,1
BRDA:21,2,0,1
BRDA:24,3,0,1
BRDA:24,4,0,1
BRDA:28,5,0,1
BRDA:28,6,0,1
BRF:7
BRH:7
end_of_record
TN:
SF:src\models\Review.ts
FN:16,__decorate.eager
FN:16,__decorate.eager
FNF:2
FNH:2
FNDA:1,__decorate.eager
FNDA:1,__decorate.eager
DA:1,1
DA:2,1
DA:3,1
DA:4,1
DA:5,1
DA:6,1
DA:7,1
DA:8,1
DA:9,1
DA:10,1
DA:11,1
DA:12,1
DA:13,1
DA:14,1
DA:15,1
DA:16,1
DA:17,1
DA:18,1
DA:19,1
DA:20,1
DA:21,1
DA:22,1
DA:23,1
DA:24,1
DA:25,1
DA:26,1
DA:27,1
LF:27
LH:27
BRDA:16,0,0,1
BRDA:16,1,0,1
BRDA:19,2,0,1
BRDA:19,3,0,1
BRF:4
BRH:4
end_of_record
TN:
SF:src\models\User.ts
FN:19,__decorate.name
FNF:1
FNH:1
FNDA:1,__decorate.name
DA:1,1
DA:2,1
DA:3,1
DA:4,1
DA:5,1
DA:6,1
DA:7,1
DA:8,1
DA:9,1
DA:10,1
DA:11,1
DA:12,1
DA:13,1
DA:14,1
DA:15,1
DA:16,1
DA:17,1
DA:18,1
DA:19,1
DA:20,1
DA:21,1
DA:22,1
DA:23,1
DA:24,1
DA:25,1
DA:26,1
DA:27,1
DA:28,1
DA:29,1
DA:30,1
DA:31,1
DA:32,1
DA:33,1
DA:34,1
DA:35,1
DA:36,1
DA:37,1
DA:38,1
DA:39,1
DA:40,1
DA:41,1
DA:42,1
DA:43,1
DA:44,1
DA:45,1
DA:46,1
DA:47,1
LF:47
LH:47
BRDA:19,0,0,1
BRDA:19,1,0,1
BRDA:27,2,0,1
BRDA:27,3,0,1
BRDA:30,4,0,1
BRDA:30,5,0,1
BRDA:33,6,0,1
BRDA:33,7,0,1
BRF:8
BRH:8
end_of_record
TN:
SF:src\models\UserListItem.ts
FN:24,__decorate.eager
FN:24,__decorate.eager
FNF:2
FNH:2
FNDA:1,__decorate.eager
FNDA:1,__decorate.eager
DA:1,1
DA:2,1
DA:3,1
DA:4,1
DA:5,1
DA:6,1
DA:7,1
DA:8,1
DA:9,1
DA:10,1
DA:11,1
DA:12,1
DA:13,1
DA:14,1
DA:15,1
DA:16,1
DA:17,1
DA:18,1
DA:19,1
DA:20,1
DA:21,1
DA:22,1
DA:23,1
DA:24,1
DA:25,1
DA:26,1
DA:27,1
DA:28,1
DA:29,1
LF:29
LH:29
BRDA:5,0,0,1
BRDA:21,1,0,1
BRDA:21,2,0,1
BRDA:24,3,0,1
BRDA:24,4,0,1
BRF:5
BRH:5
end_of_record
TN:
SF:src\repository\MovieRepository.ts
FN:16,getAll
FN:25,getById
FN:34,searchByName
FN:48,saveMovie
FNF:4
FNH:1
FNDA:0,getAll
FNDA:0,getById
FNDA:0,searchByName
FNDA:4,saveMovie
DA:1,1
DA:2,1
DA:3,1
DA:4,1
DA:5,1
DA:6,1
DA:7,1
DA:8,1
DA:9,1
DA:10,1
DA:11,1
DA:12,1
DA:13,1
DA:14,1
DA:15,1
DA:16,1
DA:17,0
DA:18,0
DA:19,1
DA:20,1
DA:21,1
DA:22,1
DA:23,1
DA:24,1
DA:25,1
DA:26,0
DA:27,0
DA:28,1
DA:29,1
DA:30,1
DA:31,1
DA:32,1
DA:33,1
DA:34,1
DA:35,0
DA:36,0
DA:37,0
DA:38,0
DA:39,0
DA:40,0
DA:41,1
DA:42,1
DA:43,1
DA:44,1
DA:45,1
DA:46,1
DA:47,1
DA:48,1
DA:49,4
DA:50,4
DA:51,1
LF:51
LH:41
BRDA:48,0,0,4
BRF:1
BRH:1
end_of_record
TN:
SF:src\repository\UserRepository.ts
FN:12,findByEmail
FN:16,findById
FN:20,save
FN:24,delete
FN:31,create
FN:35,merge
FN:40,findOneBy
FN:58,followUser
FN:76,unfollowUser
FN:88,addItemToList
FN:117,removeItemFromList
FNF:11
FNH:10
FNDA:1,findByEmail
FNDA:2,findById
FNDA:17,save
FNDA:1,delete
FNDA:16,create
FNDA:1,merge
FNDA:0,findOneBy
FNDA:4,followUser
FNDA:2,unfollowUser
FNDA:4,addItemToList
FNDA:2,removeItemFromList
DA:1,1
DA:2,1
DA:3,1
DA:4,1
DA:5,1
DA:6,1
DA:7,1
DA:8,1
DA:9,1
DA:10,1
DA:11,1
DA:12,1
DA:13,1
DA:14,1
DA:15,1
DA:16,1
DA:17,2
DA:18,2
DA:19,1
DA:20,1
DA:21,17
DA:22,17
DA:23,1
DA:24,1
DA:25,1
DA:26,1
DA:27,1
DA:28,1
DA:29,1
DA:30,1
DA:31,1
DA:32,16
DA:33,16
DA:34,1
DA:35,1
DA:36,1
DA:37,1
DA:38,1
DA:39,1
DA:40,1
DA:41,0
DA:42,0
DA:43,0
DA:44,0
DA:45,0
DA:46,0
DA:47,0
DA:48,0
DA:49,0
DA:50,0
DA:51,0
DA:52,0
DA:53,0
DA:54,0
DA:55,0
DA:56,0
DA:57,1
DA:58,1
DA:59,4
DA:60,4
DA:61,4
DA:62,4
DA:63,4
DA:64,4
DA:65,0
DA:66,0
DA:67,4
DA:68,0
DA:69,0
DA:70,4
DA:71,3
DA:72,3
DA:73,3
DA:74,4
DA:75,1
DA:76,1
DA:77,2
DA:78,2
DA:79,2
DA:80,2
DA:81,2
DA:82,0
DA:83,0
DA:84,2
DA:85,2
DA:86,2
DA:87,1
DA:88,1
DA:89,4
DA:90,4
DA:91,4
DA:92,0
DA:93,0
DA:94,4
DA:95,0
DA:96,0
DA:97,4
DA:98,4
DA:99,4
DA:100,0
DA:101,0
DA:102,4
DA:103,4
DA:104,4
DA:105,4
DA:106,4
DA:107,4
DA:108,3
DA:109,3
DA:110,3
DA:111,3
DA:112,3
DA:113,3
DA:114,3
DA:115,4
DA:116,1
DA:117,1
DA:118,2
DA:119,2
DA:120,0
DA:121,0
DA:122,2
DA:123,2
DA:124,2
DA:125,2
DA:126,2
DA:127,2
DA:128,1
DA:129,1
DA:130,1
DA:131,1
DA:132,1
DA:133,1
LF:133
LH:103
BRDA:12,0,0,1
BRDA:16,1,0,2
BRDA:20,2,0,17
BRDA:24,3,0,1
BRDA:28,4,0,0
BRDA:31,5,0,16
BRDA:35,6,0,1
BRDA:58,7,0,4
BRDA:64,8,0,0
BRDA:67,9,0,0
BRDA:70,10,0,3
BRDA:70,11,0,1
BRDA:76,12,0,2
BRDA:81,13,0,0
BRDA:84,14,0,1
BRDA:88,15,0,4
BRDA:91,16,0,0
BRDA:94,17,0,0
BRDA:99,18,0,0
BRDA:107,19,0,3
BRDA:117,20,0,2
BRDA:119,21,0,0
BRDA:127,22,0,1
BRF:23
BRH:15
end_of_record
TN:
SF:src\services\UserService.ts
FN:7,create
FN:27,update
FN:36,delete
FN:43,forgotPassword
FN:60,resetPassword
FN:82,followUser
FN:86,unfollowUser
FN:90,addItemToList
FN:94,removeItemFromList
FNF:9
FNH:7
FNDA:2,create
FNDA:2,update
FNDA:1,delete
FNDA:0,forgotPassword
FNDA:0,resetPassword
FNDA:3,followUser
FNDA:2,unfollowUser
FNDA:2,addItemToList
FNDA:2,removeItemFromList
DA:1,1
DA:2,1
DA:3,1
DA:4,1
DA:5,1
DA:6,1
DA:7,1
DA:8,2
DA:9,2
DA:10,1
DA:11,1
DA:12,1
DA:13,1
DA:14,2
DA:15,0
DA:16,0
DA:17,1
DA:18,1
DA:19,1
DA:20,1
DA:21,1
DA:22,1
DA:23,1
DA:24,1
DA:25,1
DA:26,1
DA:27,1
DA:28,2
DA:29,2
DA:30,1
DA:31,1
DA:32,1
DA:33,1
DA:34,1
DA:35,1
DA:36,1
DA:37,1
DA:38,1
DA:39,0
DA:40,0
DA:41,1
DA:42,1
DA:43,1
DA:44,0
DA:45,0
DA:46,0
DA:47,0
DA:48,0
DA:49,0
DA:50,0
DA:51,0
DA:52,0
DA:53,0
DA:54,0
DA:55,0
DA:56,0
DA:57,0
DA:58,0
DA:59,1
DA:60,1
DA:61,0
DA:62,0
DA:63,0
DA:64,0
DA:65,0
DA:66,0
DA:67,0
DA:68,0
DA:69,0
DA:70,0
DA:71,0
DA:72,0
DA:73,0
DA:74,0
DA:75,0
DA:76,0
DA:77,0
DA:78,0
DA:79,1
DA:80,1
DA:81,1
DA:82,1
DA:83,3
DA:84,3
DA:85,1
DA:86,1
DA:87,2
DA:88,2
DA:89,1
DA:90,1
DA:91,2
DA:92,2
DA:93,1
DA:94,1
DA:95,2
DA:96,1
DA:97,1
LF:97
LH:60
BRDA:7,0,0,2
BRDA:9,1,0,1
BRDA:9,2,0,1
BRDA:14,3,0,0
BRDA:17,4,0,1
BRDA:27,5,0,2
BRDA:29,6,0,1
BRDA:36,7,0,1
BRDA:38,8,0,0
BRDA:82,9,0,3
BRDA:86,10,0,2
BRDA:90,11,0,2
BRDA:94,12,0,2
BRDA:96,13,0,1
BRF:14
BRH:12
end_of_record
